Determining if the pthread_create exist failed with the following output:
Change Dir: /home/ahmed/tmp/civic-hack/catkin_ws_civic/build/CMakeFiles/CMakeTmp

Run Build Command:"/usr/bin/make" "cmTC_023ba/fast"
/usr/bin/make -f CMakeFiles/cmTC_023ba.dir/build.make CMakeFiles/cmTC_023ba.dir/build
make[1]: Entering directory '/home/ahmed/tmp/civic-hack/catkin_ws_civic/build/CMakeFiles/CMakeTmp'
Building C object CMakeFiles/cmTC_023ba.dir/CheckSymbolExists.c.o
/usr/bin/cc     -o CMakeFiles/cmTC_023ba.dir/CheckSymbolExists.c.o   -c /home/ahmed/tmp/civic-hack/catkin_ws_civic/build/CMakeFiles/CMakeTmp/CheckSymbolExists.c
Linking C executable cmTC_023ba
/usr/bin/cmake -E cmake_link_script CMakeFiles/cmTC_023ba.dir/link.txt --verbose=1
/usr/bin/cc       CMakeFiles/cmTC_023ba.dir/CheckSymbolExists.c.o  -o cmTC_023ba -rdynamic 
CMakeFiles/cmTC_023ba.dir/CheckSymbolExists.c.o: In function `main':
CheckSymbolExists.c:(.text+0x16): undefined reference to `pthread_create'
collect2: error: ld returned 1 exit status
CMakeFiles/cmTC_023ba.dir/build.make:97: recipe for target 'cmTC_023ba' failed
make[1]: *** [cmTC_023ba] Error 1
make[1]: Leaving directory '/home/ahmed/tmp/civic-hack/catkin_ws_civic/build/CMakeFiles/CMakeTmp'
Makefile:126: recipe for target 'cmTC_023ba/fast' failed
make: *** [cmTC_023ba/fast] Error 2

File /home/ahmed/tmp/civic-hack/catkin_ws_civic/build/CMakeFiles/CMakeTmp/CheckSymbolExists.c:
/* */
#include <pthread.h>

int main(int argc, char** argv)
{
  (void)argv;
#ifndef pthread_create
  return ((int*)(&pthread_create))[argc];
#else
  (void)argc;
  return 0;
#endif
}

Determining if the function pthread_create exists in the pthreads failed with the following output:
Change Dir: /home/ahmed/tmp/civic-hack/catkin_ws_civic/build/CMakeFiles/CMakeTmp

Run Build Command:"/usr/bin/make" "cmTC_632c3/fast"
/usr/bin/make -f CMakeFiles/cmTC_632c3.dir/build.make CMakeFiles/cmTC_632c3.dir/build
make[1]: Entering directory '/home/ahmed/tmp/civic-hack/catkin_ws_civic/build/CMakeFiles/CMakeTmp'
Building C object CMakeFiles/cmTC_632c3.dir/CheckFunctionExists.c.o
/usr/bin/cc    -DCHECK_FUNCTION_EXISTS=pthread_create   -o CMakeFiles/cmTC_632c3.dir/CheckFunctionExists.c.o   -c /usr/share/cmake-3.5/Modules/CheckFunctionExists.c
Linking C executable cmTC_632c3
/usr/bin/cmake -E cmake_link_script CMakeFiles/cmTC_632c3.dir/link.txt --verbose=1
/usr/bin/cc   -DCHECK_FUNCTION_EXISTS=pthread_create    CMakeFiles/cmTC_632c3.dir/CheckFunctionExists.c.o  -o cmTC_632c3 -rdynamic -lpthreads 
/usr/bin/ld: cannot find -lpthreads
collect2: error: ld returned 1 exit status
CMakeFiles/cmTC_632c3.dir/build.make:97: recipe for target 'cmTC_632c3' failed
make[1]: *** [cmTC_632c3] Error 1
make[1]: Leaving directory '/home/ahmed/tmp/civic-hack/catkin_ws_civic/build/CMakeFiles/CMakeTmp'
Makefile:126: recipe for target 'cmTC_632c3/fast' failed
make: *** [cmTC_632c3/fast] Error 2


